plugin/augmented_reality_plugin_wikitude/android/build/intermediates/manifest_merge_blame_file/release/manifest-merger-blame-release-report.txt
1<?xml version="1.0" encoding="utf-8"?>
2<manifest xmlns:android="http://schemas.android.com/apk/res/android"
3    package="com.wikitude.wikitude_plugin" >
4
5    <uses-sdk android:minSdkVersion="23" />
5-->src\main\AndroidManifest.xml
6
7</manifest>